2024-09-01 20:50:54.748 [info] Name: Black Formatter
2024-09-01 20:50:54.748 [info] Module: black
2024-09-01 20:50:54.748 [info] Default formatter is set to ms-python.black-formatter for workspace /home/xjm/Desktop/514SE
2024-09-01 20:50:54.748 [info] Python extension loading
2024-09-01 20:50:54.748 [info] Waiting for interpreter from python extension.
2024-09-01 20:50:54.748 [info] No interpreter found from setting black-formatter.interpreter
2024-09-01 20:50:54.748 [info] Getting interpreter from ms-python.python extension for workspace /home/xjm/Desktop/514SE
2024-09-01 20:50:54.748 [info] Python extension loaded
2024-09-01 20:50:54.748 [info] Interpreter from ms-python.python extension for /home/xjm/Desktop/514SE: /usr/bin/python3
2024-09-01 20:50:54.748 [info] Workspace settings for /home/xjm/Desktop/514SE (client side): {
    "cwd": "/home/xjm/Desktop/514SE",
    "workspace": "file:///home/xjm/Desktop/514SE",
    "args": [],
    "path": [],
    "interpreter": [
        "/usr/bin/python3"
    ],
    "importStrategy": "useBundled",
    "showNotifications": "off"
}
2024-09-01 20:50:54.748 [info] No interpreter found from setting black-formatter.interpreter
2024-09-01 20:50:54.748 [info] Getting interpreter from ms-python.python extension for workspace /home/xjm/Desktop/514SE
2024-09-01 20:50:54.748 [info] Interpreter from ms-python.python extension for /home/xjm/Desktop/514SE: /usr/bin/python3
2024-09-01 20:50:54.748 [info] Workspace settings for /home/xjm/Desktop/514SE (client side): {
    "cwd": "/home/xjm/Desktop/514SE",
    "workspace": "file:///home/xjm/Desktop/514SE",
    "args": [],
    "path": [],
    "interpreter": [
        "/usr/bin/python3"
    ],
    "importStrategy": "useBundled",
    "showNotifications": "off"
}
2024-09-01 20:50:54.748 [info] Global settings (client side): {
    "cwd": "/mnt/c/Users/YuShen/AppData/Local/Programs/Microsoft VS Code",
    "workspace": "/mnt/c/Users/YuShen/AppData/Local/Programs/Microsoft VS Code",
    "args": [],
    "path": [],
    "interpreter": [],
    "importStrategy": "useBundled",
    "showNotifications": "off"
}
2024-09-01 20:50:54.748 [info] Server run command: /usr/bin/python3 /home/xjm/.vscode-server/extensions/ms-python.black-formatter-2024.2.0/bundled/tool/lsp_server.py
2024-09-01 20:50:54.748 [info] Server: Start requested.
2024-09-01 20:50:55.233 [info] CWD Server: /home/xjm/Desktop/514SE
2024-09-01 20:50:55.237 [info] Settings received on server:
[
    {
        "cwd": "/home/xjm/Desktop/514SE",
        "workspace": "file:///home/xjm/Desktop/514SE",
        "args": [],
        "path": [],
        "interpreter": [
            "/usr/bin/python3"
        ],
        "importStrategy": "useBundled",
        "showNotifications": "off"
    }
]

2024-09-01 20:50:55.247 [info] Global settings received on server:
{
    "cwd": "/mnt/c/Users/YuShen/AppData/Local/Programs/Microsoft VS Code",
    "workspace": "/mnt/c/Users/YuShen/AppData/Local/Programs/Microsoft VS Code",
    "args": [],
    "path": [],
    "interpreter": [],
    "importStrategy": "useBundled",
    "showNotifications": "off"
}

2024-09-01 20:50:55.255 [info] sys.path used to run Server:
   /home/xjm/.vscode-server/extensions/ms-python.black-formatter-2024.2.0/bundled/libs
   /home/xjm/.vscode-server/extensions/ms-python.black-formatter-2024.2.0/bundled/tool
   /usr/lib/python38.zip
   /usr/lib/python3.8
   /usr/lib/python3.8/lib-dynload
   /home/xjm/.local/lib/python3.8/site-packages
   /usr/local/lib/python3.8/dist-packages
   /usr/lib/python3/dist-packages
2024-09-01 20:50:55.423 [info] /usr/bin/python3 -m black --version
2024-09-01 20:50:55.453 [info] CWD formatter: /home/xjm/Desktop/514SE
2024-09-01 20:50:55.772 [info] Version info for formatter running for /home/xjm/Desktop/514SE:
black, 24.3.0 (compiled: no)
Python (CPython) 3.8.10

2024-09-01 20:50:55.923 [info] SUPPORTED black>=22.3.0
FOUND black==24.3.0

2024-09-01 20:51:14.827 [info] [Trace - 8:51:14 PM] Sending notification 'textDocument/didOpen'.
